Flow report for RVSP
Mon Nov 30 19:43:29 2020
Quartus Prime Version 20.1.0 Build 711 06/05/2020 SJ Lite Edition


---------------------
; Table of Contents ;
---------------------
  1. Legal Notice
  2. Flow Summary
  3. Flow Settings
  4. Flow Non-Default Global Settings
  5. Flow Elapsed Time
  6. Flow OS Summary
  7. Flow Log
  8. Flow Messages
  9. Flow Suppressed Messages



----------------
; Legal Notice ;
----------------
Copyright (C) 2020  Intel Corporation. All rights reserved.
Your use of Intel Corporation's design tools, logic functions 
and other software and tools, and any partner logic 
functions, and any output files from any of the foregoing 
(including device programming or simulation files), and any 
associated documentation or information are expressly subject 
to the terms and conditions of the Intel Program License 
Subscription Agreement, the Intel Quartus Prime License Agreement,
the Intel FPGA IP License Agreement, or other applicable license
agreement, including, without limitation, that your use is for
the sole purpose of programming logic devices manufactured by
Intel and sold by Intel or its authorized distributors.  Please
refer to the applicable agreement for further details, at
https://fpgasoftware.intel.com/eula.



+----------------------------------------------------------------------------------+
; Flow Summary                                                                     ;
+------------------------------------+---------------------------------------------+
; Flow Status                        ; Successful - Mon Nov 30 19:43:29 2020       ;
; Quartus Prime Version              ; 20.1.0 Build 711 06/05/2020 SJ Lite Edition ;
; Revision Name                      ; RVSP                                        ;
; Top-level Entity Name              ; testa_unid_controle                         ;
; Family                             ; Cyclone IV E                                ;
; Device                             ; EP4CE115F29C7                               ;
; Timing Models                      ; Final                                       ;
; Total logic elements               ; 367 / 114,480 ( < 1 % )                     ;
;     Total combinational functions  ; 345 / 114,480 ( < 1 % )                     ;
;     Dedicated logic registers      ; 127 / 114,480 ( < 1 % )                     ;
; Total registers                    ; 127                                         ;
; Total pins                         ; 416 / 529 ( 79 % )                          ;
; Total virtual pins                 ; 0                                           ;
; Total memory bits                  ; 4,032 / 3,981,312 ( < 1 % )                 ;
; Embedded Multiplier 9-bit elements ; 0 / 532 ( 0 % )                             ;
; Total PLLs                         ; 0 / 4 ( 0 % )                               ;
+------------------------------------+---------------------------------------------+


+-----------------------------------------+
; Flow Settings                           ;
+-------------------+---------------------+
; Option            ; Setting             ;
+-------------------+---------------------+
; Start date & time ; 11/30/2020 19:41:10 ;
; Main task         ; Compilation         ;
; Revision Name     ; RVSP                ;
+-------------------+---------------------+


+---------------------------------------------------------------------------------------------------------------------------------+
; Flow Non-Default Global Settings                                                                                                ;
+-------------------------------------+----------------------------------------+---------------+---------------------+------------+
; Assignment Name                     ; Value                                  ; Default Value ; Entity Name         ; Section Id ;
+-------------------------------------+----------------------------------------+---------------+---------------------+------------+
; COMPILER_SIGNATURE_ID               ; 150050919925341.160677607004089        ; --            ; --                  ; --         ;
; MAX_CORE_JUNCTION_TEMP              ; 85                                     ; --            ; --                  ; --         ;
; MIN_CORE_JUNCTION_TEMP              ; 0                                      ; --            ; --                  ; --         ;
; OUTPUT_IO_TIMING_FAR_END_VMEAS      ; Half Signal Swing                      ; --            ; --                  ; --         ;
; OUTPUT_IO_TIMING_FAR_END_VMEAS      ; Half Signal Swing                      ; --            ; --                  ; --         ;
; OUTPUT_IO_TIMING_NEAR_END_VMEAS     ; Half Vccio                             ; --            ; --                  ; --         ;
; OUTPUT_IO_TIMING_NEAR_END_VMEAS     ; Half Vccio                             ; --            ; --                  ; --         ;
; PARTITION_COLOR                     ; -- (Not supported for targeted family) ; --            ; testa_unid_controle ; Top        ;
; PARTITION_FITTER_PRESERVATION_LEVEL ; -- (Not supported for targeted family) ; --            ; testa_unid_controle ; Top        ;
; PARTITION_NETLIST_TYPE              ; -- (Not supported for targeted family) ; --            ; testa_unid_controle ; Top        ;
; POWER_BOARD_THERMAL_MODEL           ; None (CONSERVATIVE)                    ; --            ; --                  ; --         ;
; POWER_PRESET_COOLING_SOLUTION       ; 23 MM HEAT SINK WITH 200 LFPM AIRFLOW  ; --            ; --                  ; --         ;
; PROJECT_OUTPUT_DIRECTORY            ; output_files                           ; --            ; --                  ; --         ;
; TOP_LEVEL_ENTITY                    ; testa_unid_controle                    ; RVSP          ; --                  ; --         ;
+-------------------------------------+----------------------------------------+---------------+---------------------+------------+


+--------------------------------------------------------------------------------------------------------------------------+
; Flow Elapsed Time                                                                                                        ;
+----------------------+--------------+-------------------------+---------------------+------------------------------------+
; Module Name          ; Elapsed Time ; Average Processors Used ; Peak Virtual Memory ; Total CPU Time (on all processors) ;
+----------------------+--------------+-------------------------+---------------------+------------------------------------+
; Analysis & Synthesis ; 00:00:12     ; 1.0                     ; 374 MB              ; 00:00:24                           ;
; Fitter               ; 00:00:35     ; 1.0                     ; 885 MB              ; 00:00:46                           ;
; Assembler            ; 00:00:04     ; 1.0                     ; 361 MB              ; 00:00:03                           ;
; Timing Analyzer      ; 00:00:03     ; 1.2                     ; 514 MB              ; 00:00:03                           ;
; EDA Netlist Writer   ; 00:00:00     ; 1.0                     ; 601 MB              ; 00:00:00                           ;
; EDA Netlist Writer   ; 00:00:01     ; 1.0                     ; 608 MB              ; 00:00:01                           ;
; Total                ; 00:00:55     ; --                      ; --                  ; 00:01:17                           ;
+----------------------+--------------+-------------------------+---------------------+------------------------------------+


+------------------------------------------------------------------------------------+
; Flow OS Summary                                                                    ;
+----------------------+------------------+------------+------------+----------------+
; Module Name          ; Machine Hostname ; OS Name    ; OS Version ; Processor type ;
+----------------------+------------------+------------+------------+----------------+
; Analysis & Synthesis ; arch             ; Arch Linux ; Arch Linux ; x86_64         ;
; Fitter               ; arch             ; Arch Linux ; Arch Linux ; x86_64         ;
; Assembler            ; arch             ; Arch Linux ; Arch Linux ; x86_64         ;
; Timing Analyzer      ; arch             ; Arch Linux ; Arch Linux ; x86_64         ;
; EDA Netlist Writer   ; arch             ; Arch Linux ; Arch Linux ; x86_64         ;
; EDA Netlist Writer   ; arch             ; Arch Linux ; Arch Linux ; x86_64         ;
+----------------------+------------------+------------+------------+----------------+


------------
; Flow Log ;
------------
quartus_map --read_settings_files=on --write_settings_files=off RVSP -c RVSP
quartus_fit --read_settings_files=off --write_settings_files=off RVSP -c RVSP
quartus_asm --read_settings_files=off --write_settings_files=off RVSP -c RVSP
quartus_sta RVSP -c RVSP
quartus_eda --gen_testbench --tool=modelsim_oem --format=verilog --write_settings_files=off RVSP -c RVSP --vector_source=/home/fpelogia/Documentos/2020.2/LABES/RVSP/testa_integracao.vwf --testbench_file=/home/fpelogia/Documentos/2020.2/LABES/RVSP/simulation/qsim/testa_integracao.vwf.vt
quartus_eda --write_settings_files=off --simulation=on --functional=on --flatten_buses=off --tool=modelsim_oem --format=verilog --output_directory=/home/fpelogia/Documentos/2020.2/LABES/RVSP/simulation/qsim/ RVSP -c RVSP



